<?xml version="1.0" encoding="UTF-8"?>
<!-- Generated by org.testng.reporters.JUnitReportReporter -->
<testsuite hostname="Sagar" failures="0" tests="1" name="TestClasses.Test_Class_2" time="5.955" errors="0" timestamp="2022-06-27T11:51:29 IST" skipped="0">
  <testcase classname="TestClasses.Test_Class_2" name="TestLoginPageByInValid" time="5.955"/>
  <system-out/>
</testsuite> <!-- TestClasses.Test_Class_2 -->
